2024-11-11 08:21:51 [main] INFO  AuthenticatePyload - Set the userId and password in the Authentication payload 
2024-11-11 08:47:37 [main] INFO  AuthenticatePyload - Set the userId and password in the Authentication payload 
2024-11-11 20:16:41 [main] INFO  AuthenticatePyload - Set the userId and password in the Authentication payload 
2024-11-11 20:16:46 [main] INFO  ViewAssignmentsFormMpper - Starting validation of current semester assignments...
2024-11-11 20:16:46 [main] INFO  ViewAssignmentsFormMpper - Field count matches type in POJO.
2024-11-11 20:16:46 [main] INFO  ViewAssignmentsFormMpper - Field year matches type in POJO.
2024-11-11 20:16:46 [main] INFO  ViewAssignmentsFormMpper - Field month matches type in POJO.
2024-11-11 20:16:46 [main] INFO  ViewAssignmentsFormMpper - Field subject matches type in POJO.
2024-11-11 20:16:46 [main] INFO  ViewAssignmentsFormMpper - Field sem matches type in POJO.
2024-11-11 20:16:46 [main] INFO  ViewAssignmentsFormMpper - Field startDate matches type in POJO.
2024-11-11 20:16:46 [main] INFO  ViewAssignmentsFormMpper - Field endDate matches type in POJO.
2024-11-11 20:16:46 [main] INFO  ViewAssignmentsFormMpper - Field createdBy matches type in POJO.
2024-11-11 20:16:46 [main] INFO  ViewAssignmentsFormMpper - Field createdDate matches type in POJO.
2024-11-11 20:16:46 [main] INFO  ViewAssignmentsFormMpper - Field lastModifiedBy matches type in POJO.
2024-11-11 20:16:46 [main] INFO  ViewAssignmentsFormMpper - Field lastModifiedDate matches type in POJO.
2024-11-11 20:16:46 [main] INFO  ViewAssignmentsFormMpper - Field sapId matches type in POJO.
2024-11-11 20:16:46 [main] INFO  ViewAssignmentsFormMpper - Field questionFilePreviewPath matches type in POJO.
2024-11-11 20:16:46 [main] INFO  ViewAssignmentsFormMpper - Field attempts matches type in POJO.
2024-11-11 20:16:46 [main] INFO  ViewAssignmentsFormMpper - Field status matches type in POJO.
2024-11-11 20:16:46 [main] INFO  ViewAssignmentsFormMpper - Field attemptsLeft matches type in POJO.
2024-11-11 20:16:46 [main] INFO  ViewAssignmentsFormMpper - Field errorMessage matches type in POJO.
2024-11-11 20:16:46 [main] INFO  ViewAssignmentsFormMpper - Field errorRecord matches type in POJO.
2024-11-11 20:16:46 [main] INFO  ViewAssignmentsFormMpper - Field evaluated matches type in POJO.
2024-11-11 20:16:46 [main] INFO  ViewAssignmentsFormMpper - Field evaluationCount matches type in POJO.
2024-11-11 20:16:46 [main] INFO  ViewAssignmentsFormMpper - Field markedForRevaluation matches type in POJO.
2024-11-11 20:16:46 [main] INFO  ViewAssignmentsFormMpper - Field revaluated matches type in POJO.
2024-11-11 20:16:46 [main] INFO  ViewAssignmentsFormMpper - Field revaluationCount matches type in POJO.
2024-11-11 20:16:46 [main] INFO  ViewAssignmentsFormMpper - Field revisited matches type in POJO.
2024-11-11 20:16:46 [main] WARN  ViewAssignmentsFormMpper - Field faculties is not present in POJO
2024-11-11 20:16:46 [main] WARN  ViewAssignmentsFormMpper - Field numberOfAssignments is not present in POJO
2024-11-11 20:16:46 [main] WARN  ViewAssignmentsFormMpper - Field indexes is not present in POJO
2024-11-11 20:16:46 [main] WARN  ViewAssignmentsFormMpper - Field revalAssignments is not present in POJO
2024-11-11 20:16:46 [main] WARN  ViewAssignmentsFormMpper - Field unMarkCCList is not present in POJO
2024-11-11 20:16:46 [main] INFO  ViewAssignmentsFormMpper - Field faculty2EvaluationCount matches type in POJO.
2024-11-11 20:16:46 [main] INFO  ViewAssignmentsFormMpper - Field faculty3EvaluationCount matches type in POJO.
2024-11-11 20:16:46 [main] INFO  ViewAssignmentsFormMpper - Field minMatchPercent matches type in POJO.
2024-11-11 20:16:46 [main] INFO  ViewAssignmentsFormMpper - Field toBeEvaluated matches type in POJO.
2024-11-11 20:16:46 [main] INFO  ViewAssignmentsFormMpper - Field submissionAllowed matches type in POJO.
2024-11-11 20:16:46 [main] INFO  ViewAssignmentsFormMpper - Field submissionAllow matches type in POJO.
2024-11-11 20:16:46 [main] INFO  ViewAssignmentsFormMpper - Field threshold2 matches type in POJO.
2024-11-11 20:16:46 [main] INFO  ViewAssignmentsFormMpper - Field currentSemSubject matches type in POJO.
2024-11-11 20:16:46 [main] WARN  ViewAssignmentsFormMpper - Field successMessage is not present in POJO
2024-11-11 20:16:46 [main] INFO  ViewAssignmentsFormMpper - Field count matches type in POJO.
2024-11-11 20:16:46 [main] INFO  ViewAssignmentsFormMpper - Field year matches type in POJO.
2024-11-11 20:16:46 [main] INFO  ViewAssignmentsFormMpper - Field month matches type in POJO.
2024-11-11 20:16:46 [main] INFO  ViewAssignmentsFormMpper - Field subject matches type in POJO.
2024-11-11 20:16:46 [main] INFO  ViewAssignmentsFormMpper - Field sem matches type in POJO.
2024-11-11 20:16:46 [main] INFO  ViewAssignmentsFormMpper - Field startDate matches type in POJO.
2024-11-11 20:16:46 [main] INFO  ViewAssignmentsFormMpper - Field endDate matches type in POJO.
2024-11-11 20:16:46 [main] INFO  ViewAssignmentsFormMpper - Field createdBy matches type in POJO.
2024-11-11 20:16:46 [main] INFO  ViewAssignmentsFormMpper - Field createdDate matches type in POJO.
2024-11-11 20:16:46 [main] INFO  ViewAssignmentsFormMpper - Field lastModifiedBy matches type in POJO.
2024-11-11 20:16:46 [main] INFO  ViewAssignmentsFormMpper - Field lastModifiedDate matches type in POJO.
2024-11-11 20:16:46 [main] INFO  ViewAssignmentsFormMpper - Field sapId matches type in POJO.
2024-11-11 20:16:46 [main] INFO  ViewAssignmentsFormMpper - Field questionFilePreviewPath matches type in POJO.
2024-11-11 20:16:46 [main] INFO  ViewAssignmentsFormMpper - Field attempts matches type in POJO.
2024-11-11 20:16:46 [main] INFO  ViewAssignmentsFormMpper - Field status matches type in POJO.
2024-11-11 20:16:46 [main] INFO  ViewAssignmentsFormMpper - Field attemptsLeft matches type in POJO.
2024-11-11 20:16:46 [main] INFO  ViewAssignmentsFormMpper - Field errorMessage matches type in POJO.
2024-11-11 20:16:46 [main] INFO  ViewAssignmentsFormMpper - Field errorRecord matches type in POJO.
2024-11-11 20:16:46 [main] INFO  ViewAssignmentsFormMpper - Field evaluated matches type in POJO.
2024-11-11 20:16:46 [main] INFO  ViewAssignmentsFormMpper - Field evaluationCount matches type in POJO.
2024-11-11 20:16:46 [main] INFO  ViewAssignmentsFormMpper - Field markedForRevaluation matches type in POJO.
2024-11-11 20:16:46 [main] INFO  ViewAssignmentsFormMpper - Field revaluated matches type in POJO.
2024-11-11 20:16:46 [main] INFO  ViewAssignmentsFormMpper - Field revaluationCount matches type in POJO.
2024-11-11 20:16:46 [main] INFO  ViewAssignmentsFormMpper - Field revisited matches type in POJO.
2024-11-11 20:16:46 [main] WARN  ViewAssignmentsFormMpper - Field faculties is not present in POJO
2024-11-11 20:16:46 [main] WARN  ViewAssignmentsFormMpper - Field numberOfAssignments is not present in POJO
2024-11-11 20:16:46 [main] WARN  ViewAssignmentsFormMpper - Field indexes is not present in POJO
2024-11-11 20:16:46 [main] WARN  ViewAssignmentsFormMpper - Field revalAssignments is not present in POJO
2024-11-11 20:16:46 [main] WARN  ViewAssignmentsFormMpper - Field unMarkCCList is not present in POJO
2024-11-11 20:16:46 [main] INFO  ViewAssignmentsFormMpper - Field faculty2EvaluationCount matches type in POJO.
2024-11-11 20:16:46 [main] INFO  ViewAssignmentsFormMpper - Field faculty3EvaluationCount matches type in POJO.
2024-11-11 20:16:46 [main] INFO  ViewAssignmentsFormMpper - Field minMatchPercent matches type in POJO.
2024-11-11 20:16:46 [main] INFO  ViewAssignmentsFormMpper - Field toBeEvaluated matches type in POJO.
2024-11-11 20:16:46 [main] INFO  ViewAssignmentsFormMpper - Field submissionAllowed matches type in POJO.
2024-11-11 20:16:46 [main] INFO  ViewAssignmentsFormMpper - Field submissionAllow matches type in POJO.
2024-11-11 20:16:46 [main] INFO  ViewAssignmentsFormMpper - Field threshold2 matches type in POJO.
2024-11-11 20:16:46 [main] INFO  ViewAssignmentsFormMpper - Field currentSemSubject matches type in POJO.
2024-11-11 20:16:46 [main] WARN  ViewAssignmentsFormMpper - Field successMessage is not present in POJO
2024-11-11 20:16:46 [main] INFO  ViewAssignmentsFormMpper - Field count matches type in POJO.
2024-11-11 20:16:46 [main] INFO  ViewAssignmentsFormMpper - Field year matches type in POJO.
2024-11-11 20:16:46 [main] INFO  ViewAssignmentsFormMpper - Field month matches type in POJO.
2024-11-11 20:16:46 [main] INFO  ViewAssignmentsFormMpper - Field subject matches type in POJO.
2024-11-11 20:16:46 [main] INFO  ViewAssignmentsFormMpper - Field sem matches type in POJO.
2024-11-11 20:16:46 [main] INFO  ViewAssignmentsFormMpper - Field startDate matches type in POJO.
2024-11-11 20:16:46 [main] INFO  ViewAssignmentsFormMpper - Field endDate matches type in POJO.
2024-11-11 20:16:46 [main] INFO  ViewAssignmentsFormMpper - Field createdBy matches type in POJO.
2024-11-11 20:16:46 [main] INFO  ViewAssignmentsFormMpper - Field createdDate matches type in POJO.
2024-11-11 20:16:46 [main] INFO  ViewAssignmentsFormMpper - Field lastModifiedBy matches type in POJO.
2024-11-11 20:16:46 [main] INFO  ViewAssignmentsFormMpper - Field lastModifiedDate matches type in POJO.
2024-11-11 20:16:46 [main] INFO  ViewAssignmentsFormMpper - Field sapId matches type in POJO.
2024-11-11 20:16:46 [main] INFO  ViewAssignmentsFormMpper - Field questionFilePreviewPath matches type in POJO.
2024-11-11 20:16:46 [main] INFO  ViewAssignmentsFormMpper - Field attempts matches type in POJO.
2024-11-11 20:16:46 [main] INFO  ViewAssignmentsFormMpper - Field status matches type in POJO.
2024-11-11 20:16:46 [main] INFO  ViewAssignmentsFormMpper - Field attemptsLeft matches type in POJO.
2024-11-11 20:16:46 [main] INFO  ViewAssignmentsFormMpper - Field errorMessage matches type in POJO.
2024-11-11 20:16:46 [main] INFO  ViewAssignmentsFormMpper - Field errorRecord matches type in POJO.
2024-11-11 20:16:46 [main] INFO  ViewAssignmentsFormMpper - Field evaluated matches type in POJO.
2024-11-11 20:16:46 [main] INFO  ViewAssignmentsFormMpper - Field evaluationCount matches type in POJO.
2024-11-11 20:16:46 [main] INFO  ViewAssignmentsFormMpper - Field markedForRevaluation matches type in POJO.
2024-11-11 20:16:46 [main] INFO  ViewAssignmentsFormMpper - Field revaluated matches type in POJO.
2024-11-11 20:16:46 [main] INFO  ViewAssignmentsFormMpper - Field revaluationCount matches type in POJO.
2024-11-11 20:16:46 [main] INFO  ViewAssignmentsFormMpper - Field revisited matches type in POJO.
2024-11-11 20:16:46 [main] WARN  ViewAssignmentsFormMpper - Field faculties is not present in POJO
2024-11-11 20:16:46 [main] WARN  ViewAssignmentsFormMpper - Field numberOfAssignments is not present in POJO
2024-11-11 20:16:46 [main] WARN  ViewAssignmentsFormMpper - Field indexes is not present in POJO
2024-11-11 20:16:46 [main] WARN  ViewAssignmentsFormMpper - Field revalAssignments is not present in POJO
2024-11-11 20:16:46 [main] WARN  ViewAssignmentsFormMpper - Field unMarkCCList is not present in POJO
2024-11-11 20:16:46 [main] INFO  ViewAssignmentsFormMpper - Field faculty2EvaluationCount matches type in POJO.
2024-11-11 20:16:46 [main] INFO  ViewAssignmentsFormMpper - Field faculty3EvaluationCount matches type in POJO.
2024-11-11 20:16:46 [main] INFO  ViewAssignmentsFormMpper - Field minMatchPercent matches type in POJO.
2024-11-11 20:16:46 [main] INFO  ViewAssignmentsFormMpper - Field toBeEvaluated matches type in POJO.
2024-11-11 20:16:46 [main] INFO  ViewAssignmentsFormMpper - Field submissionAllowed matches type in POJO.
2024-11-11 20:16:46 [main] INFO  ViewAssignmentsFormMpper - Field submissionAllow matches type in POJO.
2024-11-11 20:16:46 [main] INFO  ViewAssignmentsFormMpper - Field threshold2 matches type in POJO.
2024-11-11 20:16:46 [main] INFO  ViewAssignmentsFormMpper - Field currentSemSubject matches type in POJO.
2024-11-11 20:16:46 [main] WARN  ViewAssignmentsFormMpper - Field successMessage is not present in POJO
2024-11-11 20:16:46 [main] INFO  ViewAssignmentsFormMpper - Field count matches type in POJO.
2024-11-11 20:16:46 [main] INFO  ViewAssignmentsFormMpper - Field year matches type in POJO.
2024-11-11 20:16:46 [main] INFO  ViewAssignmentsFormMpper - Field month matches type in POJO.
2024-11-11 20:16:46 [main] INFO  ViewAssignmentsFormMpper - Field subject matches type in POJO.
2024-11-11 20:16:46 [main] INFO  ViewAssignmentsFormMpper - Field sem matches type in POJO.
2024-11-11 20:16:46 [main] INFO  ViewAssignmentsFormMpper - Field startDate matches type in POJO.
2024-11-11 20:16:46 [main] INFO  ViewAssignmentsFormMpper - Field endDate matches type in POJO.
2024-11-11 20:16:46 [main] INFO  ViewAssignmentsFormMpper - Field createdBy matches type in POJO.
2024-11-11 20:16:46 [main] INFO  ViewAssignmentsFormMpper - Field createdDate matches type in POJO.
2024-11-11 20:16:46 [main] INFO  ViewAssignmentsFormMpper - Field lastModifiedBy matches type in POJO.
2024-11-11 20:16:46 [main] INFO  ViewAssignmentsFormMpper - Field lastModifiedDate matches type in POJO.
2024-11-11 20:16:46 [main] INFO  ViewAssignmentsFormMpper - Field sapId matches type in POJO.
2024-11-11 20:16:46 [main] INFO  ViewAssignmentsFormMpper - Field questionFilePreviewPath matches type in POJO.
2024-11-11 20:16:46 [main] INFO  ViewAssignmentsFormMpper - Field attempts matches type in POJO.
2024-11-11 20:16:46 [main] INFO  ViewAssignmentsFormMpper - Field status matches type in POJO.
2024-11-11 20:16:46 [main] INFO  ViewAssignmentsFormMpper - Field attemptsLeft matches type in POJO.
2024-11-11 20:16:46 [main] INFO  ViewAssignmentsFormMpper - Field errorMessage matches type in POJO.
2024-11-11 20:16:46 [main] INFO  ViewAssignmentsFormMpper - Field errorRecord matches type in POJO.
2024-11-11 20:16:46 [main] INFO  ViewAssignmentsFormMpper - Field evaluated matches type in POJO.
2024-11-11 20:16:46 [main] INFO  ViewAssignmentsFormMpper - Field evaluationCount matches type in POJO.
2024-11-11 20:16:46 [main] INFO  ViewAssignmentsFormMpper - Field markedForRevaluation matches type in POJO.
2024-11-11 20:16:46 [main] INFO  ViewAssignmentsFormMpper - Field revaluated matches type in POJO.
2024-11-11 20:16:46 [main] INFO  ViewAssignmentsFormMpper - Field revaluationCount matches type in POJO.
2024-11-11 20:16:46 [main] INFO  ViewAssignmentsFormMpper - Field revisited matches type in POJO.
2024-11-11 20:16:46 [main] WARN  ViewAssignmentsFormMpper - Field faculties is not present in POJO
2024-11-11 20:16:46 [main] WARN  ViewAssignmentsFormMpper - Field numberOfAssignments is not present in POJO
2024-11-11 20:16:46 [main] WARN  ViewAssignmentsFormMpper - Field indexes is not present in POJO
2024-11-11 20:16:46 [main] WARN  ViewAssignmentsFormMpper - Field revalAssignments is not present in POJO
2024-11-11 20:16:46 [main] WARN  ViewAssignmentsFormMpper - Field unMarkCCList is not present in POJO
2024-11-11 20:16:46 [main] INFO  ViewAssignmentsFormMpper - Field faculty2EvaluationCount matches type in POJO.
2024-11-11 20:16:46 [main] INFO  ViewAssignmentsFormMpper - Field faculty3EvaluationCount matches type in POJO.
2024-11-11 20:16:46 [main] INFO  ViewAssignmentsFormMpper - Field minMatchPercent matches type in POJO.
2024-11-11 20:16:46 [main] INFO  ViewAssignmentsFormMpper - Field toBeEvaluated matches type in POJO.
2024-11-11 20:16:46 [main] INFO  ViewAssignmentsFormMpper - Field submissionAllowed matches type in POJO.
2024-11-11 20:16:46 [main] INFO  ViewAssignmentsFormMpper - Field submissionAllow matches type in POJO.
2024-11-11 20:16:46 [main] INFO  ViewAssignmentsFormMpper - Field threshold2 matches type in POJO.
2024-11-11 20:16:46 [main] INFO  ViewAssignmentsFormMpper - Field currentSemSubject matches type in POJO.
2024-11-11 20:16:46 [main] WARN  ViewAssignmentsFormMpper - Field successMessage is not present in POJO
2024-11-11 20:16:46 [main] INFO  ViewAssignmentsFormMpper - Field count matches type in POJO.
2024-11-11 20:16:46 [main] INFO  ViewAssignmentsFormMpper - Field year matches type in POJO.
2024-11-11 20:16:46 [main] INFO  ViewAssignmentsFormMpper - Field month matches type in POJO.
2024-11-11 20:16:46 [main] INFO  ViewAssignmentsFormMpper - Field subject matches type in POJO.
2024-11-11 20:16:46 [main] INFO  ViewAssignmentsFormMpper - Field sem matches type in POJO.
2024-11-11 20:16:46 [main] INFO  ViewAssignmentsFormMpper - Field startDate matches type in POJO.
2024-11-11 20:16:46 [main] INFO  ViewAssignmentsFormMpper - Field endDate matches type in POJO.
2024-11-11 20:16:46 [main] INFO  ViewAssignmentsFormMpper - Field createdBy matches type in POJO.
2024-11-11 20:16:46 [main] INFO  ViewAssignmentsFormMpper - Field createdDate matches type in POJO.
2024-11-11 20:16:46 [main] INFO  ViewAssignmentsFormMpper - Field lastModifiedBy matches type in POJO.
2024-11-11 20:16:46 [main] INFO  ViewAssignmentsFormMpper - Field lastModifiedDate matches type in POJO.
2024-11-11 20:16:46 [main] INFO  ViewAssignmentsFormMpper - Field sapId matches type in POJO.
2024-11-11 20:16:46 [main] INFO  ViewAssignmentsFormMpper - Field questionFilePreviewPath matches type in POJO.
2024-11-11 20:16:46 [main] INFO  ViewAssignmentsFormMpper - Field attempts matches type in POJO.
2024-11-11 20:16:46 [main] INFO  ViewAssignmentsFormMpper - Field status matches type in POJO.
2024-11-11 20:16:46 [main] INFO  ViewAssignmentsFormMpper - Field attemptsLeft matches type in POJO.
2024-11-11 20:16:46 [main] INFO  ViewAssignmentsFormMpper - Field errorMessage matches type in POJO.
2024-11-11 20:16:46 [main] INFO  ViewAssignmentsFormMpper - Field errorRecord matches type in POJO.
2024-11-11 20:16:46 [main] INFO  ViewAssignmentsFormMpper - Field evaluated matches type in POJO.
2024-11-11 20:16:46 [main] INFO  ViewAssignmentsFormMpper - Field evaluationCount matches type in POJO.
2024-11-11 20:16:46 [main] INFO  ViewAssignmentsFormMpper - Field markedForRevaluation matches type in POJO.
2024-11-11 20:16:46 [main] INFO  ViewAssignmentsFormMpper - Field revaluated matches type in POJO.
2024-11-11 20:16:46 [main] INFO  ViewAssignmentsFormMpper - Field revaluationCount matches type in POJO.
2024-11-11 20:16:46 [main] INFO  ViewAssignmentsFormMpper - Field revisited matches type in POJO.
2024-11-11 20:16:46 [main] WARN  ViewAssignmentsFormMpper - Field faculties is not present in POJO
2024-11-11 20:16:46 [main] WARN  ViewAssignmentsFormMpper - Field numberOfAssignments is not present in POJO
2024-11-11 20:16:46 [main] WARN  ViewAssignmentsFormMpper - Field indexes is not present in POJO
2024-11-11 20:16:46 [main] WARN  ViewAssignmentsFormMpper - Field revalAssignments is not present in POJO
2024-11-11 20:16:46 [main] WARN  ViewAssignmentsFormMpper - Field unMarkCCList is not present in POJO
2024-11-11 20:16:46 [main] INFO  ViewAssignmentsFormMpper - Field faculty2EvaluationCount matches type in POJO.
2024-11-11 20:16:46 [main] INFO  ViewAssignmentsFormMpper - Field faculty3EvaluationCount matches type in POJO.
2024-11-11 20:16:46 [main] INFO  ViewAssignmentsFormMpper - Field minMatchPercent matches type in POJO.
2024-11-11 20:16:46 [main] INFO  ViewAssignmentsFormMpper - Field toBeEvaluated matches type in POJO.
2024-11-11 20:16:46 [main] INFO  ViewAssignmentsFormMpper - Field submissionAllowed matches type in POJO.
2024-11-11 20:16:46 [main] INFO  ViewAssignmentsFormMpper - Field submissionAllow matches type in POJO.
2024-11-11 20:16:46 [main] INFO  ViewAssignmentsFormMpper - Field threshold2 matches type in POJO.
2024-11-11 20:16:46 [main] INFO  ViewAssignmentsFormMpper - Field currentSemSubject matches type in POJO.
2024-11-11 20:16:46 [main] WARN  ViewAssignmentsFormMpper - Field successMessage is not present in POJO
2024-11-11 20:16:46 [main] INFO  ViewAssignmentsFormMpper - Field count matches type in POJO.
2024-11-11 20:16:46 [main] INFO  ViewAssignmentsFormMpper - Field year matches type in POJO.
2024-11-11 20:16:46 [main] INFO  ViewAssignmentsFormMpper - Field month matches type in POJO.
2024-11-11 20:16:46 [main] INFO  ViewAssignmentsFormMpper - Field subject matches type in POJO.
2024-11-11 20:16:46 [main] INFO  ViewAssignmentsFormMpper - Field sem matches type in POJO.
2024-11-11 20:16:46 [main] INFO  ViewAssignmentsFormMpper - Field startDate matches type in POJO.
2024-11-11 20:16:46 [main] INFO  ViewAssignmentsFormMpper - Field endDate matches type in POJO.
2024-11-11 20:16:46 [main] INFO  ViewAssignmentsFormMpper - Field createdBy matches type in POJO.
2024-11-11 20:16:46 [main] INFO  ViewAssignmentsFormMpper - Field createdDate matches type in POJO.
2024-11-11 20:16:46 [main] INFO  ViewAssignmentsFormMpper - Field lastModifiedBy matches type in POJO.
2024-11-11 20:16:46 [main] INFO  ViewAssignmentsFormMpper - Field lastModifiedDate matches type in POJO.
2024-11-11 20:16:46 [main] INFO  ViewAssignmentsFormMpper - Field sapId matches type in POJO.
2024-11-11 20:16:46 [main] INFO  ViewAssignmentsFormMpper - Field questionFilePreviewPath matches type in POJO.
2024-11-11 20:16:46 [main] INFO  ViewAssignmentsFormMpper - Field attempts matches type in POJO.
2024-11-11 20:16:46 [main] INFO  ViewAssignmentsFormMpper - Field status matches type in POJO.
2024-11-11 20:16:46 [main] INFO  ViewAssignmentsFormMpper - Field attemptsLeft matches type in POJO.
2024-11-11 20:16:46 [main] INFO  ViewAssignmentsFormMpper - Field errorMessage matches type in POJO.
2024-11-11 20:16:46 [main] INFO  ViewAssignmentsFormMpper - Field errorRecord matches type in POJO.
2024-11-11 20:16:46 [main] INFO  ViewAssignmentsFormMpper - Field evaluated matches type in POJO.
2024-11-11 20:16:46 [main] INFO  ViewAssignmentsFormMpper - Field evaluationCount matches type in POJO.
2024-11-11 20:16:46 [main] INFO  ViewAssignmentsFormMpper - Field markedForRevaluation matches type in POJO.
2024-11-11 20:16:46 [main] INFO  ViewAssignmentsFormMpper - Field revaluated matches type in POJO.
2024-11-11 20:16:46 [main] INFO  ViewAssignmentsFormMpper - Field revaluationCount matches type in POJO.
2024-11-11 20:16:46 [main] INFO  ViewAssignmentsFormMpper - Field revisited matches type in POJO.
2024-11-11 20:16:46 [main] WARN  ViewAssignmentsFormMpper - Field faculties is not present in POJO
2024-11-11 20:16:46 [main] WARN  ViewAssignmentsFormMpper - Field numberOfAssignments is not present in POJO
2024-11-11 20:16:46 [main] WARN  ViewAssignmentsFormMpper - Field indexes is not present in POJO
2024-11-11 20:16:46 [main] WARN  ViewAssignmentsFormMpper - Field revalAssignments is not present in POJO
2024-11-11 20:16:46 [main] WARN  ViewAssignmentsFormMpper - Field unMarkCCList is not present in POJO
2024-11-11 20:16:46 [main] INFO  ViewAssignmentsFormMpper - Field faculty2EvaluationCount matches type in POJO.
2024-11-11 20:16:46 [main] INFO  ViewAssignmentsFormMpper - Field faculty3EvaluationCount matches type in POJO.
2024-11-11 20:16:46 [main] INFO  ViewAssignmentsFormMpper - Field minMatchPercent matches type in POJO.
2024-11-11 20:16:46 [main] INFO  ViewAssignmentsFormMpper - Field toBeEvaluated matches type in POJO.
2024-11-11 20:16:46 [main] INFO  ViewAssignmentsFormMpper - Field submissionAllowed matches type in POJO.
2024-11-11 20:16:46 [main] INFO  ViewAssignmentsFormMpper - Field submissionAllow matches type in POJO.
2024-11-11 20:16:46 [main] INFO  ViewAssignmentsFormMpper - Field threshold2 matches type in POJO.
2024-11-11 20:16:46 [main] INFO  ViewAssignmentsFormMpper - Field currentSemSubject matches type in POJO.
2024-11-11 20:16:46 [main] WARN  ViewAssignmentsFormMpper - Field successMessage is not present in POJO
2024-11-11 20:16:46 [main] WARN  ViewAssignmentsFormMpper - Field failSubjectsCount is present in POJO but missing in the JSON response.
2024-11-11 20:16:46 [main] WARN  ViewAssignmentsFormMpper - Field currentSemEndDateTime is present in POJO but missing in the JSON response.
2024-11-11 20:16:46 [main] WARN  ViewAssignmentsFormMpper - Field failSubjectSubmissionCount is present in POJO but missing in the JSON response.
2024-11-11 20:16:46 [main] WARN  ViewAssignmentsFormMpper - Field failSubjectsEndDateTime is present in POJO but missing in the JSON response.
2024-11-11 20:16:46 [main] INFO  ViewAssignmentsFormMpper - Validation of currentSemAssignmentFilesList completed.
2024-11-11 20:19:44 [main] INFO  AuthenticatePyload - Set the userId and password in the Authentication payload 
2024-11-11 20:19:47 [main] INFO  ViewAssignmentsFormMpper - Starting validation of current semester assignments...
2024-11-11 20:19:47 [main] INFO  ViewAssignmentsFormMpper - Field count matches type in POJO.
2024-11-11 20:19:47 [main] INFO  ViewAssignmentsFormMpper - Field year matches type in POJO.
2024-11-11 20:19:47 [main] INFO  ViewAssignmentsFormMpper - Field month matches type in POJO.
2024-11-11 20:19:47 [main] INFO  ViewAssignmentsFormMpper - Field subject matches type in POJO.
2024-11-11 20:19:47 [main] INFO  ViewAssignmentsFormMpper - Field sem matches type in POJO.
2024-11-11 20:19:47 [main] INFO  ViewAssignmentsFormMpper - Field startDate matches type in POJO.
2024-11-11 20:19:47 [main] INFO  ViewAssignmentsFormMpper - Field endDate matches type in POJO.
2024-11-11 20:19:47 [main] INFO  ViewAssignmentsFormMpper - Field createdBy matches type in POJO.
2024-11-11 20:19:47 [main] INFO  ViewAssignmentsFormMpper - Field createdDate matches type in POJO.
2024-11-11 20:19:47 [main] INFO  ViewAssignmentsFormMpper - Field lastModifiedBy matches type in POJO.
2024-11-11 20:19:47 [main] INFO  ViewAssignmentsFormMpper - Field lastModifiedDate matches type in POJO.
2024-11-11 20:19:47 [main] INFO  ViewAssignmentsFormMpper - Field sapId matches type in POJO.
2024-11-11 20:19:47 [main] INFO  ViewAssignmentsFormMpper - Field questionFilePreviewPath matches type in POJO.
2024-11-11 20:19:47 [main] INFO  ViewAssignmentsFormMpper - Field attempts matches type in POJO.
2024-11-11 20:19:47 [main] INFO  ViewAssignmentsFormMpper - Field status matches type in POJO.
2024-11-11 20:19:47 [main] INFO  ViewAssignmentsFormMpper - Field attemptsLeft matches type in POJO.
2024-11-11 20:19:47 [main] INFO  ViewAssignmentsFormMpper - Field errorMessage matches type in POJO.
2024-11-11 20:19:47 [main] INFO  ViewAssignmentsFormMpper - Field errorRecord matches type in POJO.
2024-11-11 20:19:47 [main] INFO  ViewAssignmentsFormMpper - Field evaluated matches type in POJO.
2024-11-11 20:19:47 [main] INFO  ViewAssignmentsFormMpper - Field evaluationCount matches type in POJO.
2024-11-11 20:19:47 [main] INFO  ViewAssignmentsFormMpper - Field markedForRevaluation matches type in POJO.
2024-11-11 20:19:47 [main] INFO  ViewAssignmentsFormMpper - Field revaluated matches type in POJO.
2024-11-11 20:19:47 [main] INFO  ViewAssignmentsFormMpper - Field revaluationCount matches type in POJO.
2024-11-11 20:19:47 [main] INFO  ViewAssignmentsFormMpper - Field revisited matches type in POJO.
2024-11-11 20:19:47 [main] WARN  ViewAssignmentsFormMpper - Field faculties is not present in POJO
2024-11-11 20:19:47 [main] WARN  ViewAssignmentsFormMpper - Field numberOfAssignments is not present in POJO
2024-11-11 20:19:48 [main] WARN  ViewAssignmentsFormMpper - Field indexes is not present in POJO
2024-11-11 20:19:48 [main] WARN  ViewAssignmentsFormMpper - Field revalAssignments is not present in POJO
2024-11-11 20:19:48 [main] WARN  ViewAssignmentsFormMpper - Field unMarkCCList is not present in POJO
2024-11-11 20:19:48 [main] INFO  ViewAssignmentsFormMpper - Field faculty2EvaluationCount matches type in POJO.
2024-11-11 20:19:48 [main] INFO  ViewAssignmentsFormMpper - Field faculty3EvaluationCount matches type in POJO.
2024-11-11 20:19:48 [main] INFO  ViewAssignmentsFormMpper - Field minMatchPercent matches type in POJO.
2024-11-11 20:19:48 [main] INFO  ViewAssignmentsFormMpper - Field toBeEvaluated matches type in POJO.
2024-11-11 20:19:48 [main] INFO  ViewAssignmentsFormMpper - Field submissionAllowed matches type in POJO.
2024-11-11 20:19:48 [main] INFO  ViewAssignmentsFormMpper - Field submissionAllow matches type in POJO.
2024-11-11 20:19:48 [main] INFO  ViewAssignmentsFormMpper - Field threshold2 matches type in POJO.
2024-11-11 20:19:48 [main] INFO  ViewAssignmentsFormMpper - Field currentSemSubject matches type in POJO.
2024-11-11 20:19:48 [main] WARN  ViewAssignmentsFormMpper - Field successMessage is not present in POJO
2024-11-11 20:19:48 [main] INFO  ViewAssignmentsFormMpper - Field count matches type in POJO.
2024-11-11 20:19:48 [main] INFO  ViewAssignmentsFormMpper - Field year matches type in POJO.
2024-11-11 20:19:48 [main] INFO  ViewAssignmentsFormMpper - Field month matches type in POJO.
2024-11-11 20:19:48 [main] INFO  ViewAssignmentsFormMpper - Field subject matches type in POJO.
2024-11-11 20:19:48 [main] INFO  ViewAssignmentsFormMpper - Field sem matches type in POJO.
2024-11-11 20:19:48 [main] INFO  ViewAssignmentsFormMpper - Field startDate matches type in POJO.
2024-11-11 20:19:48 [main] INFO  ViewAssignmentsFormMpper - Field endDate matches type in POJO.
2024-11-11 20:19:48 [main] INFO  ViewAssignmentsFormMpper - Field createdBy matches type in POJO.
2024-11-11 20:19:48 [main] INFO  ViewAssignmentsFormMpper - Field createdDate matches type in POJO.
2024-11-11 20:19:48 [main] INFO  ViewAssignmentsFormMpper - Field lastModifiedBy matches type in POJO.
2024-11-11 20:19:48 [main] INFO  ViewAssignmentsFormMpper - Field lastModifiedDate matches type in POJO.
2024-11-11 20:19:48 [main] INFO  ViewAssignmentsFormMpper - Field sapId matches type in POJO.
2024-11-11 20:19:48 [main] INFO  ViewAssignmentsFormMpper - Field questionFilePreviewPath matches type in POJO.
2024-11-11 20:19:48 [main] INFO  ViewAssignmentsFormMpper - Field attempts matches type in POJO.
2024-11-11 20:19:48 [main] INFO  ViewAssignmentsFormMpper - Field status matches type in POJO.
2024-11-11 20:19:48 [main] INFO  ViewAssignmentsFormMpper - Field attemptsLeft matches type in POJO.
2024-11-11 20:19:48 [main] INFO  ViewAssignmentsFormMpper - Field errorMessage matches type in POJO.
2024-11-11 20:19:48 [main] INFO  ViewAssignmentsFormMpper - Field errorRecord matches type in POJO.
2024-11-11 20:19:48 [main] INFO  ViewAssignmentsFormMpper - Field evaluated matches type in POJO.
2024-11-11 20:19:48 [main] INFO  ViewAssignmentsFormMpper - Field evaluationCount matches type in POJO.
2024-11-11 20:19:48 [main] INFO  ViewAssignmentsFormMpper - Field markedForRevaluation matches type in POJO.
2024-11-11 20:19:48 [main] INFO  ViewAssignmentsFormMpper - Field revaluated matches type in POJO.
2024-11-11 20:19:48 [main] INFO  ViewAssignmentsFormMpper - Field revaluationCount matches type in POJO.
2024-11-11 20:19:48 [main] INFO  ViewAssignmentsFormMpper - Field revisited matches type in POJO.
2024-11-11 20:19:48 [main] WARN  ViewAssignmentsFormMpper - Field faculties is not present in POJO
2024-11-11 20:19:48 [main] WARN  ViewAssignmentsFormMpper - Field numberOfAssignments is not present in POJO
2024-11-11 20:19:48 [main] WARN  ViewAssignmentsFormMpper - Field indexes is not present in POJO
2024-11-11 20:19:48 [main] WARN  ViewAssignmentsFormMpper - Field revalAssignments is not present in POJO
2024-11-11 20:19:48 [main] WARN  ViewAssignmentsFormMpper - Field unMarkCCList is not present in POJO
2024-11-11 20:19:48 [main] INFO  ViewAssignmentsFormMpper - Field faculty2EvaluationCount matches type in POJO.
2024-11-11 20:19:48 [main] INFO  ViewAssignmentsFormMpper - Field faculty3EvaluationCount matches type in POJO.
2024-11-11 20:19:48 [main] INFO  ViewAssignmentsFormMpper - Field minMatchPercent matches type in POJO.
2024-11-11 20:19:48 [main] INFO  ViewAssignmentsFormMpper - Field toBeEvaluated matches type in POJO.
2024-11-11 20:19:48 [main] INFO  ViewAssignmentsFormMpper - Field submissionAllowed matches type in POJO.
2024-11-11 20:19:48 [main] INFO  ViewAssignmentsFormMpper - Field submissionAllow matches type in POJO.
2024-11-11 20:19:48 [main] INFO  ViewAssignmentsFormMpper - Field threshold2 matches type in POJO.
2024-11-11 20:19:48 [main] INFO  ViewAssignmentsFormMpper - Field currentSemSubject matches type in POJO.
2024-11-11 20:19:48 [main] WARN  ViewAssignmentsFormMpper - Field successMessage is not present in POJO
2024-11-11 20:19:48 [main] INFO  ViewAssignmentsFormMpper - Field count matches type in POJO.
2024-11-11 20:19:48 [main] INFO  ViewAssignmentsFormMpper - Field year matches type in POJO.
2024-11-11 20:19:48 [main] INFO  ViewAssignmentsFormMpper - Field month matches type in POJO.
2024-11-11 20:19:48 [main] INFO  ViewAssignmentsFormMpper - Field subject matches type in POJO.
2024-11-11 20:19:48 [main] INFO  ViewAssignmentsFormMpper - Field sem matches type in POJO.
2024-11-11 20:19:48 [main] INFO  ViewAssignmentsFormMpper - Field startDate matches type in POJO.
2024-11-11 20:19:48 [main] INFO  ViewAssignmentsFormMpper - Field endDate matches type in POJO.
2024-11-11 20:19:48 [main] INFO  ViewAssignmentsFormMpper - Field createdBy matches type in POJO.
2024-11-11 20:19:48 [main] INFO  ViewAssignmentsFormMpper - Field createdDate matches type in POJO.
2024-11-11 20:19:48 [main] INFO  ViewAssignmentsFormMpper - Field lastModifiedBy matches type in POJO.
2024-11-11 20:19:48 [main] INFO  ViewAssignmentsFormMpper - Field lastModifiedDate matches type in POJO.
2024-11-11 20:19:48 [main] INFO  ViewAssignmentsFormMpper - Field sapId matches type in POJO.
2024-11-11 20:19:48 [main] INFO  ViewAssignmentsFormMpper - Field questionFilePreviewPath matches type in POJO.
2024-11-11 20:19:48 [main] INFO  ViewAssignmentsFormMpper - Field attempts matches type in POJO.
2024-11-11 20:19:48 [main] INFO  ViewAssignmentsFormMpper - Field status matches type in POJO.
2024-11-11 20:19:48 [main] INFO  ViewAssignmentsFormMpper - Field attemptsLeft matches type in POJO.
2024-11-11 20:19:48 [main] INFO  ViewAssignmentsFormMpper - Field errorMessage matches type in POJO.
2024-11-11 20:19:48 [main] INFO  ViewAssignmentsFormMpper - Field errorRecord matches type in POJO.
2024-11-11 20:19:48 [main] INFO  ViewAssignmentsFormMpper - Field evaluated matches type in POJO.
2024-11-11 20:19:48 [main] INFO  ViewAssignmentsFormMpper - Field evaluationCount matches type in POJO.
2024-11-11 20:19:48 [main] INFO  ViewAssignmentsFormMpper - Field markedForRevaluation matches type in POJO.
2024-11-11 20:19:48 [main] INFO  ViewAssignmentsFormMpper - Field revaluated matches type in POJO.
2024-11-11 20:19:48 [main] INFO  ViewAssignmentsFormMpper - Field revaluationCount matches type in POJO.
2024-11-11 20:19:48 [main] INFO  ViewAssignmentsFormMpper - Field revisited matches type in POJO.
2024-11-11 20:19:48 [main] WARN  ViewAssignmentsFormMpper - Field faculties is not present in POJO
2024-11-11 20:19:48 [main] WARN  ViewAssignmentsFormMpper - Field numberOfAssignments is not present in POJO
2024-11-11 20:19:48 [main] WARN  ViewAssignmentsFormMpper - Field indexes is not present in POJO
2024-11-11 20:19:48 [main] WARN  ViewAssignmentsFormMpper - Field revalAssignments is not present in POJO
2024-11-11 20:19:48 [main] WARN  ViewAssignmentsFormMpper - Field unMarkCCList is not present in POJO
2024-11-11 20:19:48 [main] INFO  ViewAssignmentsFormMpper - Field faculty2EvaluationCount matches type in POJO.
2024-11-11 20:19:48 [main] INFO  ViewAssignmentsFormMpper - Field faculty3EvaluationCount matches type in POJO.
2024-11-11 20:19:48 [main] INFO  ViewAssignmentsFormMpper - Field minMatchPercent matches type in POJO.
2024-11-11 20:19:48 [main] INFO  ViewAssignmentsFormMpper - Field toBeEvaluated matches type in POJO.
2024-11-11 20:19:48 [main] INFO  ViewAssignmentsFormMpper - Field submissionAllowed matches type in POJO.
2024-11-11 20:19:48 [main] INFO  ViewAssignmentsFormMpper - Field submissionAllow matches type in POJO.
2024-11-11 20:19:48 [main] INFO  ViewAssignmentsFormMpper - Field threshold2 matches type in POJO.
2024-11-11 20:19:48 [main] INFO  ViewAssignmentsFormMpper - Field currentSemSubject matches type in POJO.
2024-11-11 20:19:48 [main] WARN  ViewAssignmentsFormMpper - Field successMessage is not present in POJO
2024-11-11 20:19:48 [main] INFO  ViewAssignmentsFormMpper - Field count matches type in POJO.
2024-11-11 20:19:48 [main] INFO  ViewAssignmentsFormMpper - Field year matches type in POJO.
2024-11-11 20:19:48 [main] INFO  ViewAssignmentsFormMpper - Field month matches type in POJO.
2024-11-11 20:19:48 [main] INFO  ViewAssignmentsFormMpper - Field subject matches type in POJO.
2024-11-11 20:19:48 [main] INFO  ViewAssignmentsFormMpper - Field sem matches type in POJO.
2024-11-11 20:19:48 [main] INFO  ViewAssignmentsFormMpper - Field startDate matches type in POJO.
2024-11-11 20:19:48 [main] INFO  ViewAssignmentsFormMpper - Field endDate matches type in POJO.
2024-11-11 20:19:48 [main] INFO  ViewAssignmentsFormMpper - Field createdBy matches type in POJO.
2024-11-11 20:19:48 [main] INFO  ViewAssignmentsFormMpper - Field createdDate matches type in POJO.
2024-11-11 20:19:48 [main] INFO  ViewAssignmentsFormMpper - Field lastModifiedBy matches type in POJO.
2024-11-11 20:19:48 [main] INFO  ViewAssignmentsFormMpper - Field lastModifiedDate matches type in POJO.
2024-11-11 20:19:48 [main] INFO  ViewAssignmentsFormMpper - Field sapId matches type in POJO.
2024-11-11 20:19:48 [main] INFO  ViewAssignmentsFormMpper - Field questionFilePreviewPath matches type in POJO.
2024-11-11 20:19:48 [main] INFO  ViewAssignmentsFormMpper - Field attempts matches type in POJO.
2024-11-11 20:19:48 [main] INFO  ViewAssignmentsFormMpper - Field status matches type in POJO.
2024-11-11 20:19:48 [main] INFO  ViewAssignmentsFormMpper - Field attemptsLeft matches type in POJO.
2024-11-11 20:19:48 [main] INFO  ViewAssignmentsFormMpper - Field errorMessage matches type in POJO.
2024-11-11 20:19:48 [main] INFO  ViewAssignmentsFormMpper - Field errorRecord matches type in POJO.
2024-11-11 20:19:48 [main] INFO  ViewAssignmentsFormMpper - Field evaluated matches type in POJO.
2024-11-11 20:19:48 [main] INFO  ViewAssignmentsFormMpper - Field evaluationCount matches type in POJO.
2024-11-11 20:19:48 [main] INFO  ViewAssignmentsFormMpper - Field markedForRevaluation matches type in POJO.
2024-11-11 20:19:48 [main] INFO  ViewAssignmentsFormMpper - Field revaluated matches type in POJO.
2024-11-11 20:19:48 [main] INFO  ViewAssignmentsFormMpper - Field revaluationCount matches type in POJO.
2024-11-11 20:19:48 [main] INFO  ViewAssignmentsFormMpper - Field revisited matches type in POJO.
2024-11-11 20:19:48 [main] WARN  ViewAssignmentsFormMpper - Field faculties is not present in POJO
2024-11-11 20:19:48 [main] WARN  ViewAssignmentsFormMpper - Field numberOfAssignments is not present in POJO
2024-11-11 20:19:48 [main] WARN  ViewAssignmentsFormMpper - Field indexes is not present in POJO
2024-11-11 20:19:48 [main] WARN  ViewAssignmentsFormMpper - Field revalAssignments is not present in POJO
2024-11-11 20:19:48 [main] WARN  ViewAssignmentsFormMpper - Field unMarkCCList is not present in POJO
2024-11-11 20:19:48 [main] INFO  ViewAssignmentsFormMpper - Field faculty2EvaluationCount matches type in POJO.
2024-11-11 20:19:48 [main] INFO  ViewAssignmentsFormMpper - Field faculty3EvaluationCount matches type in POJO.
2024-11-11 20:19:48 [main] INFO  ViewAssignmentsFormMpper - Field minMatchPercent matches type in POJO.
2024-11-11 20:19:48 [main] INFO  ViewAssignmentsFormMpper - Field toBeEvaluated matches type in POJO.
2024-11-11 20:19:48 [main] INFO  ViewAssignmentsFormMpper - Field submissionAllowed matches type in POJO.
2024-11-11 20:19:48 [main] INFO  ViewAssignmentsFormMpper - Field submissionAllow matches type in POJO.
2024-11-11 20:19:48 [main] INFO  ViewAssignmentsFormMpper - Field threshold2 matches type in POJO.
2024-11-11 20:19:48 [main] INFO  ViewAssignmentsFormMpper - Field currentSemSubject matches type in POJO.
2024-11-11 20:19:48 [main] WARN  ViewAssignmentsFormMpper - Field successMessage is not present in POJO
2024-11-11 20:19:48 [main] INFO  ViewAssignmentsFormMpper - Field count matches type in POJO.
2024-11-11 20:19:48 [main] INFO  ViewAssignmentsFormMpper - Field year matches type in POJO.
2024-11-11 20:19:48 [main] INFO  ViewAssignmentsFormMpper - Field month matches type in POJO.
2024-11-11 20:19:48 [main] INFO  ViewAssignmentsFormMpper - Field subject matches type in POJO.
2024-11-11 20:19:48 [main] INFO  ViewAssignmentsFormMpper - Field sem matches type in POJO.
2024-11-11 20:19:48 [main] INFO  ViewAssignmentsFormMpper - Field startDate matches type in POJO.
2024-11-11 20:19:48 [main] INFO  ViewAssignmentsFormMpper - Field endDate matches type in POJO.
2024-11-11 20:19:48 [main] INFO  ViewAssignmentsFormMpper - Field createdBy matches type in POJO.
2024-11-11 20:19:48 [main] INFO  ViewAssignmentsFormMpper - Field createdDate matches type in POJO.
2024-11-11 20:19:48 [main] INFO  ViewAssignmentsFormMpper - Field lastModifiedBy matches type in POJO.
2024-11-11 20:19:48 [main] INFO  ViewAssignmentsFormMpper - Field lastModifiedDate matches type in POJO.
2024-11-11 20:19:48 [main] INFO  ViewAssignmentsFormMpper - Field sapId matches type in POJO.
2024-11-11 20:19:48 [main] INFO  ViewAssignmentsFormMpper - Field questionFilePreviewPath matches type in POJO.
2024-11-11 20:19:48 [main] INFO  ViewAssignmentsFormMpper - Field attempts matches type in POJO.
2024-11-11 20:19:48 [main] INFO  ViewAssignmentsFormMpper - Field status matches type in POJO.
2024-11-11 20:19:48 [main] INFO  ViewAssignmentsFormMpper - Field attemptsLeft matches type in POJO.
2024-11-11 20:19:48 [main] INFO  ViewAssignmentsFormMpper - Field errorMessage matches type in POJO.
2024-11-11 20:19:48 [main] INFO  ViewAssignmentsFormMpper - Field errorRecord matches type in POJO.
2024-11-11 20:19:48 [main] INFO  ViewAssignmentsFormMpper - Field evaluated matches type in POJO.
2024-11-11 20:19:48 [main] INFO  ViewAssignmentsFormMpper - Field evaluationCount matches type in POJO.
2024-11-11 20:19:48 [main] INFO  ViewAssignmentsFormMpper - Field markedForRevaluation matches type in POJO.
2024-11-11 20:19:48 [main] INFO  ViewAssignmentsFormMpper - Field revaluated matches type in POJO.
2024-11-11 20:19:48 [main] INFO  ViewAssignmentsFormMpper - Field revaluationCount matches type in POJO.
2024-11-11 20:19:48 [main] INFO  ViewAssignmentsFormMpper - Field revisited matches type in POJO.
2024-11-11 20:19:48 [main] WARN  ViewAssignmentsFormMpper - Field faculties is not present in POJO
2024-11-11 20:19:48 [main] WARN  ViewAssignmentsFormMpper - Field numberOfAssignments is not present in POJO
2024-11-11 20:19:48 [main] WARN  ViewAssignmentsFormMpper - Field indexes is not present in POJO
2024-11-11 20:19:48 [main] WARN  ViewAssignmentsFormMpper - Field revalAssignments is not present in POJO
2024-11-11 20:19:48 [main] WARN  ViewAssignmentsFormMpper - Field unMarkCCList is not present in POJO
2024-11-11 20:19:48 [main] INFO  ViewAssignmentsFormMpper - Field faculty2EvaluationCount matches type in POJO.
2024-11-11 20:19:48 [main] INFO  ViewAssignmentsFormMpper - Field faculty3EvaluationCount matches type in POJO.
2024-11-11 20:19:48 [main] INFO  ViewAssignmentsFormMpper - Field minMatchPercent matches type in POJO.
2024-11-11 20:19:48 [main] INFO  ViewAssignmentsFormMpper - Field toBeEvaluated matches type in POJO.
2024-11-11 20:19:48 [main] INFO  ViewAssignmentsFormMpper - Field submissionAllowed matches type in POJO.
2024-11-11 20:19:48 [main] INFO  ViewAssignmentsFormMpper - Field submissionAllow matches type in POJO.
2024-11-11 20:19:48 [main] INFO  ViewAssignmentsFormMpper - Field threshold2 matches type in POJO.
2024-11-11 20:19:48 [main] INFO  ViewAssignmentsFormMpper - Field currentSemSubject matches type in POJO.
2024-11-11 20:19:48 [main] WARN  ViewAssignmentsFormMpper - Field successMessage is not present in POJO
2024-11-11 20:19:48 [main] INFO  ViewAssignmentsFormMpper - Field count matches type in POJO.
2024-11-11 20:19:48 [main] INFO  ViewAssignmentsFormMpper - Field year matches type in POJO.
2024-11-11 20:19:48 [main] INFO  ViewAssignmentsFormMpper - Field month matches type in POJO.
2024-11-11 20:19:48 [main] INFO  ViewAssignmentsFormMpper - Field subject matches type in POJO.
2024-11-11 20:19:48 [main] INFO  ViewAssignmentsFormMpper - Field sem matches type in POJO.
2024-11-11 20:19:48 [main] INFO  ViewAssignmentsFormMpper - Field startDate matches type in POJO.
2024-11-11 20:19:48 [main] INFO  ViewAssignmentsFormMpper - Field endDate matches type in POJO.
2024-11-11 20:19:48 [main] INFO  ViewAssignmentsFormMpper - Field createdBy matches type in POJO.
2024-11-11 20:19:48 [main] INFO  ViewAssignmentsFormMpper - Field createdDate matches type in POJO.
2024-11-11 20:19:48 [main] INFO  ViewAssignmentsFormMpper - Field lastModifiedBy matches type in POJO.
2024-11-11 20:19:48 [main] INFO  ViewAssignmentsFormMpper - Field lastModifiedDate matches type in POJO.
2024-11-11 20:19:48 [main] INFO  ViewAssignmentsFormMpper - Field sapId matches type in POJO.
2024-11-11 20:19:48 [main] INFO  ViewAssignmentsFormMpper - Field questionFilePreviewPath matches type in POJO.
2024-11-11 20:19:48 [main] INFO  ViewAssignmentsFormMpper - Field attempts matches type in POJO.
2024-11-11 20:19:48 [main] INFO  ViewAssignmentsFormMpper - Field status matches type in POJO.
2024-11-11 20:19:48 [main] INFO  ViewAssignmentsFormMpper - Field attemptsLeft matches type in POJO.
2024-11-11 20:19:48 [main] INFO  ViewAssignmentsFormMpper - Field errorMessage matches type in POJO.
2024-11-11 20:19:48 [main] INFO  ViewAssignmentsFormMpper - Field errorRecord matches type in POJO.
2024-11-11 20:19:48 [main] INFO  ViewAssignmentsFormMpper - Field evaluated matches type in POJO.
2024-11-11 20:19:48 [main] INFO  ViewAssignmentsFormMpper - Field evaluationCount matches type in POJO.
2024-11-11 20:19:48 [main] INFO  ViewAssignmentsFormMpper - Field markedForRevaluation matches type in POJO.
2024-11-11 20:19:48 [main] INFO  ViewAssignmentsFormMpper - Field revaluated matches type in POJO.
2024-11-11 20:19:48 [main] INFO  ViewAssignmentsFormMpper - Field revaluationCount matches type in POJO.
2024-11-11 20:19:48 [main] INFO  ViewAssignmentsFormMpper - Field revisited matches type in POJO.
2024-11-11 20:19:48 [main] WARN  ViewAssignmentsFormMpper - Field faculties is not present in POJO
2024-11-11 20:19:48 [main] WARN  ViewAssignmentsFormMpper - Field numberOfAssignments is not present in POJO
2024-11-11 20:19:48 [main] WARN  ViewAssignmentsFormMpper - Field indexes is not present in POJO
2024-11-11 20:19:48 [main] WARN  ViewAssignmentsFormMpper - Field revalAssignments is not present in POJO
2024-11-11 20:19:48 [main] WARN  ViewAssignmentsFormMpper - Field unMarkCCList is not present in POJO
2024-11-11 20:19:48 [main] INFO  ViewAssignmentsFormMpper - Field faculty2EvaluationCount matches type in POJO.
2024-11-11 20:19:48 [main] INFO  ViewAssignmentsFormMpper - Field faculty3EvaluationCount matches type in POJO.
2024-11-11 20:19:48 [main] INFO  ViewAssignmentsFormMpper - Field minMatchPercent matches type in POJO.
2024-11-11 20:19:48 [main] INFO  ViewAssignmentsFormMpper - Field toBeEvaluated matches type in POJO.
2024-11-11 20:19:48 [main] INFO  ViewAssignmentsFormMpper - Field submissionAllowed matches type in POJO.
2024-11-11 20:19:48 [main] INFO  ViewAssignmentsFormMpper - Field submissionAllow matches type in POJO.
2024-11-11 20:19:48 [main] INFO  ViewAssignmentsFormMpper - Field threshold2 matches type in POJO.
2024-11-11 20:19:48 [main] INFO  ViewAssignmentsFormMpper - Field currentSemSubject matches type in POJO.
2024-11-11 20:19:48 [main] WARN  ViewAssignmentsFormMpper - Field successMessage is not present in POJO
2024-11-11 20:19:48 [main] WARN  ViewAssignmentsFormMpper - Field failSubjectsCount is present in POJO but missing in the JSON response.
2024-11-11 20:19:48 [main] WARN  ViewAssignmentsFormMpper - Field currentSemEndDateTime is present in POJO but missing in the JSON response.
2024-11-11 20:19:48 [main] WARN  ViewAssignmentsFormMpper - Field failSubjectSubmissionCount is present in POJO but missing in the JSON response.
2024-11-11 20:19:48 [main] WARN  ViewAssignmentsFormMpper - Field failSubjectsEndDateTime is present in POJO but missing in the JSON response.
2024-11-11 20:19:48 [main] INFO  ViewAssignmentsFormMpper - Validation of currentSemAssignmentFilesList completed.
2024-11-11 20:21:27 [main] INFO  AuthenticatePyload - Set the userId and password in the Authentication payload 
2024-11-11 20:21:30 [main] INFO  ViewAssignmentsFormMpper - Starting validation of current semester assignments...
2024-11-11 20:21:30 [main] INFO  ViewAssignmentsFormMpper - Field count matches type in POJO.
2024-11-11 20:21:30 [main] INFO  ViewAssignmentsFormMpper - Field year matches type in POJO.
2024-11-11 20:21:30 [main] INFO  ViewAssignmentsFormMpper - Field month matches type in POJO.
2024-11-11 20:21:30 [main] INFO  ViewAssignmentsFormMpper - Field subject matches type in POJO.
2024-11-11 20:21:30 [main] INFO  ViewAssignmentsFormMpper - Field sem matches type in POJO.
2024-11-11 20:21:30 [main] INFO  ViewAssignmentsFormMpper - Field startDate matches type in POJO.
2024-11-11 20:21:30 [main] INFO  ViewAssignmentsFormMpper - Field endDate matches type in POJO.
2024-11-11 20:21:30 [main] INFO  ViewAssignmentsFormMpper - Field createdBy matches type in POJO.
2024-11-11 20:21:30 [main] INFO  ViewAssignmentsFormMpper - Field createdDate matches type in POJO.
2024-11-11 20:21:30 [main] INFO  ViewAssignmentsFormMpper - Field lastModifiedBy matches type in POJO.
2024-11-11 20:21:30 [main] INFO  ViewAssignmentsFormMpper - Field lastModifiedDate matches type in POJO.
2024-11-11 20:21:30 [main] INFO  ViewAssignmentsFormMpper - Field sapId matches type in POJO.
2024-11-11 20:21:30 [main] INFO  ViewAssignmentsFormMpper - Field questionFilePreviewPath matches type in POJO.
2024-11-11 20:21:30 [main] INFO  ViewAssignmentsFormMpper - Field attempts matches type in POJO.
2024-11-11 20:21:30 [main] INFO  ViewAssignmentsFormMpper - Field status matches type in POJO.
2024-11-11 20:21:30 [main] INFO  ViewAssignmentsFormMpper - Field attemptsLeft matches type in POJO.
2024-11-11 20:21:30 [main] INFO  ViewAssignmentsFormMpper - Field errorMessage matches type in POJO.
2024-11-11 20:21:30 [main] INFO  ViewAssignmentsFormMpper - Field errorRecord matches type in POJO.
2024-11-11 20:21:30 [main] INFO  ViewAssignmentsFormMpper - Field evaluated matches type in POJO.
2024-11-11 20:21:30 [main] INFO  ViewAssignmentsFormMpper - Field evaluationCount matches type in POJO.
2024-11-11 20:21:30 [main] INFO  ViewAssignmentsFormMpper - Field markedForRevaluation matches type in POJO.
2024-11-11 20:21:30 [main] INFO  ViewAssignmentsFormMpper - Field revaluated matches type in POJO.
2024-11-11 20:21:30 [main] INFO  ViewAssignmentsFormMpper - Field revaluationCount matches type in POJO.
2024-11-11 20:21:30 [main] INFO  ViewAssignmentsFormMpper - Field revisited matches type in POJO.
2024-11-11 20:21:30 [main] WARN  ViewAssignmentsFormMpper - Field faculties is not present in POJO
2024-11-11 20:21:30 [main] WARN  ViewAssignmentsFormMpper - Field numberOfAssignments is not present in POJO
2024-11-11 20:21:30 [main] WARN  ViewAssignmentsFormMpper - Field indexes is not present in POJO
2024-11-11 20:21:30 [main] WARN  ViewAssignmentsFormMpper - Field revalAssignments is not present in POJO
2024-11-11 20:21:30 [main] WARN  ViewAssignmentsFormMpper - Field unMarkCCList is not present in POJO
2024-11-11 20:21:30 [main] INFO  ViewAssignmentsFormMpper - Field faculty2EvaluationCount matches type in POJO.
2024-11-11 20:21:30 [main] INFO  ViewAssignmentsFormMpper - Field faculty3EvaluationCount matches type in POJO.
2024-11-11 20:21:30 [main] INFO  ViewAssignmentsFormMpper - Field minMatchPercent matches type in POJO.
2024-11-11 20:21:30 [main] INFO  ViewAssignmentsFormMpper - Field toBeEvaluated matches type in POJO.
2024-11-11 20:21:30 [main] INFO  ViewAssignmentsFormMpper - Field submissionAllowed matches type in POJO.
2024-11-11 20:21:30 [main] INFO  ViewAssignmentsFormMpper - Field submissionAllow matches type in POJO.
2024-11-11 20:21:30 [main] INFO  ViewAssignmentsFormMpper - Field threshold2 matches type in POJO.
2024-11-11 20:21:30 [main] INFO  ViewAssignmentsFormMpper - Field currentSemSubject matches type in POJO.
2024-11-11 20:21:30 [main] WARN  ViewAssignmentsFormMpper - Field successMessage is not present in POJO
2024-11-11 20:21:30 [main] INFO  ViewAssignmentsFormMpper - Field count matches type in POJO.
2024-11-11 20:21:30 [main] INFO  ViewAssignmentsFormMpper - Field year matches type in POJO.
2024-11-11 20:21:30 [main] INFO  ViewAssignmentsFormMpper - Field month matches type in POJO.
2024-11-11 20:21:30 [main] INFO  ViewAssignmentsFormMpper - Field subject matches type in POJO.
2024-11-11 20:21:30 [main] INFO  ViewAssignmentsFormMpper - Field sem matches type in POJO.
2024-11-11 20:21:30 [main] INFO  ViewAssignmentsFormMpper - Field startDate matches type in POJO.
2024-11-11 20:21:30 [main] INFO  ViewAssignmentsFormMpper - Field endDate matches type in POJO.
2024-11-11 20:21:30 [main] INFO  ViewAssignmentsFormMpper - Field createdBy matches type in POJO.
2024-11-11 20:21:30 [main] INFO  ViewAssignmentsFormMpper - Field createdDate matches type in POJO.
2024-11-11 20:21:30 [main] INFO  ViewAssignmentsFormMpper - Field lastModifiedBy matches type in POJO.
2024-11-11 20:21:30 [main] INFO  ViewAssignmentsFormMpper - Field lastModifiedDate matches type in POJO.
2024-11-11 20:21:30 [main] INFO  ViewAssignmentsFormMpper - Field sapId matches type in POJO.
2024-11-11 20:21:30 [main] INFO  ViewAssignmentsFormMpper - Field questionFilePreviewPath matches type in POJO.
2024-11-11 20:21:30 [main] INFO  ViewAssignmentsFormMpper - Field attempts matches type in POJO.
2024-11-11 20:21:30 [main] INFO  ViewAssignmentsFormMpper - Field status matches type in POJO.
2024-11-11 20:21:30 [main] INFO  ViewAssignmentsFormMpper - Field attemptsLeft matches type in POJO.
2024-11-11 20:21:30 [main] INFO  ViewAssignmentsFormMpper - Field errorMessage matches type in POJO.
2024-11-11 20:21:30 [main] INFO  ViewAssignmentsFormMpper - Field errorRecord matches type in POJO.
2024-11-11 20:21:30 [main] INFO  ViewAssignmentsFormMpper - Field evaluated matches type in POJO.
2024-11-11 20:21:30 [main] INFO  ViewAssignmentsFormMpper - Field evaluationCount matches type in POJO.
2024-11-11 20:21:30 [main] INFO  ViewAssignmentsFormMpper - Field markedForRevaluation matches type in POJO.
2024-11-11 20:21:30 [main] INFO  ViewAssignmentsFormMpper - Field revaluated matches type in POJO.
2024-11-11 20:21:30 [main] INFO  ViewAssignmentsFormMpper - Field revaluationCount matches type in POJO.
2024-11-11 20:21:30 [main] INFO  ViewAssignmentsFormMpper - Field revisited matches type in POJO.
2024-11-11 20:21:30 [main] WARN  ViewAssignmentsFormMpper - Field faculties is not present in POJO
2024-11-11 20:21:30 [main] WARN  ViewAssignmentsFormMpper - Field numberOfAssignments is not present in POJO
2024-11-11 20:21:30 [main] WARN  ViewAssignmentsFormMpper - Field indexes is not present in POJO
2024-11-11 20:21:30 [main] WARN  ViewAssignmentsFormMpper - Field revalAssignments is not present in POJO
2024-11-11 20:21:30 [main] WARN  ViewAssignmentsFormMpper - Field unMarkCCList is not present in POJO
2024-11-11 20:21:30 [main] INFO  ViewAssignmentsFormMpper - Field faculty2EvaluationCount matches type in POJO.
2024-11-11 20:21:30 [main] INFO  ViewAssignmentsFormMpper - Field faculty3EvaluationCount matches type in POJO.
2024-11-11 20:21:30 [main] INFO  ViewAssignmentsFormMpper - Field minMatchPercent matches type in POJO.
2024-11-11 20:21:30 [main] INFO  ViewAssignmentsFormMpper - Field toBeEvaluated matches type in POJO.
2024-11-11 20:21:30 [main] INFO  ViewAssignmentsFormMpper - Field submissionAllowed matches type in POJO.
2024-11-11 20:21:30 [main] INFO  ViewAssignmentsFormMpper - Field submissionAllow matches type in POJO.
2024-11-11 20:21:30 [main] INFO  ViewAssignmentsFormMpper - Field threshold2 matches type in POJO.
2024-11-11 20:21:30 [main] INFO  ViewAssignmentsFormMpper - Field currentSemSubject matches type in POJO.
2024-11-11 20:21:30 [main] WARN  ViewAssignmentsFormMpper - Field successMessage is not present in POJO
2024-11-11 20:21:30 [main] INFO  ViewAssignmentsFormMpper - Field count matches type in POJO.
2024-11-11 20:21:30 [main] INFO  ViewAssignmentsFormMpper - Field year matches type in POJO.
2024-11-11 20:21:30 [main] INFO  ViewAssignmentsFormMpper - Field month matches type in POJO.
2024-11-11 20:21:30 [main] INFO  ViewAssignmentsFormMpper - Field subject matches type in POJO.
2024-11-11 20:21:30 [main] INFO  ViewAssignmentsFormMpper - Field sem matches type in POJO.
2024-11-11 20:21:30 [main] INFO  ViewAssignmentsFormMpper - Field startDate matches type in POJO.
2024-11-11 20:21:30 [main] INFO  ViewAssignmentsFormMpper - Field endDate matches type in POJO.
2024-11-11 20:21:30 [main] INFO  ViewAssignmentsFormMpper - Field createdBy matches type in POJO.
2024-11-11 20:21:30 [main] INFO  ViewAssignmentsFormMpper - Field createdDate matches type in POJO.
2024-11-11 20:21:30 [main] INFO  ViewAssignmentsFormMpper - Field lastModifiedBy matches type in POJO.
2024-11-11 20:21:30 [main] INFO  ViewAssignmentsFormMpper - Field lastModifiedDate matches type in POJO.
2024-11-11 20:21:30 [main] INFO  ViewAssignmentsFormMpper - Field sapId matches type in POJO.
2024-11-11 20:21:30 [main] INFO  ViewAssignmentsFormMpper - Field questionFilePreviewPath matches type in POJO.
2024-11-11 20:21:30 [main] INFO  ViewAssignmentsFormMpper - Field attempts matches type in POJO.
2024-11-11 20:21:30 [main] INFO  ViewAssignmentsFormMpper - Field status matches type in POJO.
2024-11-11 20:21:30 [main] INFO  ViewAssignmentsFormMpper - Field attemptsLeft matches type in POJO.
2024-11-11 20:21:30 [main] INFO  ViewAssignmentsFormMpper - Field errorMessage matches type in POJO.
2024-11-11 20:21:30 [main] INFO  ViewAssignmentsFormMpper - Field errorRecord matches type in POJO.
2024-11-11 20:21:30 [main] INFO  ViewAssignmentsFormMpper - Field evaluated matches type in POJO.
2024-11-11 20:21:30 [main] INFO  ViewAssignmentsFormMpper - Field evaluationCount matches type in POJO.
2024-11-11 20:21:30 [main] INFO  ViewAssignmentsFormMpper - Field markedForRevaluation matches type in POJO.
2024-11-11 20:21:30 [main] INFO  ViewAssignmentsFormMpper - Field revaluated matches type in POJO.
2024-11-11 20:21:30 [main] INFO  ViewAssignmentsFormMpper - Field revaluationCount matches type in POJO.
2024-11-11 20:21:30 [main] INFO  ViewAssignmentsFormMpper - Field revisited matches type in POJO.
2024-11-11 20:21:30 [main] WARN  ViewAssignmentsFormMpper - Field faculties is not present in POJO
2024-11-11 20:21:30 [main] WARN  ViewAssignmentsFormMpper - Field numberOfAssignments is not present in POJO
2024-11-11 20:21:30 [main] WARN  ViewAssignmentsFormMpper - Field indexes is not present in POJO
2024-11-11 20:21:30 [main] WARN  ViewAssignmentsFormMpper - Field revalAssignments is not present in POJO
2024-11-11 20:21:30 [main] WARN  ViewAssignmentsFormMpper - Field unMarkCCList is not present in POJO
2024-11-11 20:21:30 [main] INFO  ViewAssignmentsFormMpper - Field faculty2EvaluationCount matches type in POJO.
2024-11-11 20:21:30 [main] INFO  ViewAssignmentsFormMpper - Field faculty3EvaluationCount matches type in POJO.
2024-11-11 20:21:30 [main] INFO  ViewAssignmentsFormMpper - Field minMatchPercent matches type in POJO.
2024-11-11 20:21:30 [main] INFO  ViewAssignmentsFormMpper - Field toBeEvaluated matches type in POJO.
2024-11-11 20:21:30 [main] INFO  ViewAssignmentsFormMpper - Field submissionAllowed matches type in POJO.
2024-11-11 20:21:30 [main] INFO  ViewAssignmentsFormMpper - Field submissionAllow matches type in POJO.
2024-11-11 20:21:30 [main] INFO  ViewAssignmentsFormMpper - Field threshold2 matches type in POJO.
2024-11-11 20:21:30 [main] INFO  ViewAssignmentsFormMpper - Field currentSemSubject matches type in POJO.
2024-11-11 20:21:30 [main] WARN  ViewAssignmentsFormMpper - Field successMessage is not present in POJO
2024-11-11 20:21:30 [main] INFO  ViewAssignmentsFormMpper - Field count matches type in POJO.
2024-11-11 20:21:30 [main] INFO  ViewAssignmentsFormMpper - Field year matches type in POJO.
2024-11-11 20:21:30 [main] INFO  ViewAssignmentsFormMpper - Field month matches type in POJO.
2024-11-11 20:21:30 [main] INFO  ViewAssignmentsFormMpper - Field subject matches type in POJO.
2024-11-11 20:21:30 [main] INFO  ViewAssignmentsFormMpper - Field sem matches type in POJO.
2024-11-11 20:21:30 [main] INFO  ViewAssignmentsFormMpper - Field startDate matches type in POJO.
2024-11-11 20:21:30 [main] INFO  ViewAssignmentsFormMpper - Field endDate matches type in POJO.
2024-11-11 20:21:30 [main] INFO  ViewAssignmentsFormMpper - Field createdBy matches type in POJO.
2024-11-11 20:21:30 [main] INFO  ViewAssignmentsFormMpper - Field createdDate matches type in POJO.
2024-11-11 20:21:30 [main] INFO  ViewAssignmentsFormMpper - Field lastModifiedBy matches type in POJO.
2024-11-11 20:21:30 [main] INFO  ViewAssignmentsFormMpper - Field lastModifiedDate matches type in POJO.
2024-11-11 20:21:30 [main] INFO  ViewAssignmentsFormMpper - Field sapId matches type in POJO.
2024-11-11 20:21:30 [main] INFO  ViewAssignmentsFormMpper - Field questionFilePreviewPath matches type in POJO.
2024-11-11 20:21:30 [main] INFO  ViewAssignmentsFormMpper - Field attempts matches type in POJO.
2024-11-11 20:21:30 [main] INFO  ViewAssignmentsFormMpper - Field status matches type in POJO.
2024-11-11 20:21:30 [main] INFO  ViewAssignmentsFormMpper - Field attemptsLeft matches type in POJO.
2024-11-11 20:21:30 [main] INFO  ViewAssignmentsFormMpper - Field errorMessage matches type in POJO.
2024-11-11 20:21:30 [main] INFO  ViewAssignmentsFormMpper - Field errorRecord matches type in POJO.
2024-11-11 20:21:30 [main] INFO  ViewAssignmentsFormMpper - Field evaluated matches type in POJO.
2024-11-11 20:21:30 [main] INFO  ViewAssignmentsFormMpper - Field evaluationCount matches type in POJO.
2024-11-11 20:21:30 [main] INFO  ViewAssignmentsFormMpper - Field markedForRevaluation matches type in POJO.
2024-11-11 20:21:30 [main] INFO  ViewAssignmentsFormMpper - Field revaluated matches type in POJO.
2024-11-11 20:21:30 [main] INFO  ViewAssignmentsFormMpper - Field revaluationCount matches type in POJO.
2024-11-11 20:21:30 [main] INFO  ViewAssignmentsFormMpper - Field revisited matches type in POJO.
2024-11-11 20:21:30 [main] WARN  ViewAssignmentsFormMpper - Field faculties is not present in POJO
2024-11-11 20:21:30 [main] WARN  ViewAssignmentsFormMpper - Field numberOfAssignments is not present in POJO
2024-11-11 20:21:30 [main] WARN  ViewAssignmentsFormMpper - Field indexes is not present in POJO
2024-11-11 20:21:30 [main] WARN  ViewAssignmentsFormMpper - Field revalAssignments is not present in POJO
2024-11-11 20:21:30 [main] WARN  ViewAssignmentsFormMpper - Field unMarkCCList is not present in POJO
2024-11-11 20:21:30 [main] INFO  ViewAssignmentsFormMpper - Field faculty2EvaluationCount matches type in POJO.
2024-11-11 20:21:30 [main] INFO  ViewAssignmentsFormMpper - Field faculty3EvaluationCount matches type in POJO.
2024-11-11 20:21:30 [main] INFO  ViewAssignmentsFormMpper - Field minMatchPercent matches type in POJO.
2024-11-11 20:21:30 [main] INFO  ViewAssignmentsFormMpper - Field toBeEvaluated matches type in POJO.
2024-11-11 20:21:30 [main] INFO  ViewAssignmentsFormMpper - Field submissionAllowed matches type in POJO.
2024-11-11 20:21:30 [main] INFO  ViewAssignmentsFormMpper - Field submissionAllow matches type in POJO.
2024-11-11 20:21:30 [main] INFO  ViewAssignmentsFormMpper - Field threshold2 matches type in POJO.
2024-11-11 20:21:30 [main] INFO  ViewAssignmentsFormMpper - Field currentSemSubject matches type in POJO.
2024-11-11 20:21:30 [main] WARN  ViewAssignmentsFormMpper - Field successMessage is not present in POJO
2024-11-11 20:21:30 [main] INFO  ViewAssignmentsFormMpper - Field count matches type in POJO.
2024-11-11 20:21:30 [main] INFO  ViewAssignmentsFormMpper - Field year matches type in POJO.
2024-11-11 20:21:30 [main] INFO  ViewAssignmentsFormMpper - Field month matches type in POJO.
2024-11-11 20:21:30 [main] INFO  ViewAssignmentsFormMpper - Field subject matches type in POJO.
2024-11-11 20:21:30 [main] INFO  ViewAssignmentsFormMpper - Field sem matches type in POJO.
2024-11-11 20:21:30 [main] INFO  ViewAssignmentsFormMpper - Field startDate matches type in POJO.
2024-11-11 20:21:30 [main] INFO  ViewAssignmentsFormMpper - Field endDate matches type in POJO.
2024-11-11 20:21:30 [main] INFO  ViewAssignmentsFormMpper - Field createdBy matches type in POJO.
2024-11-11 20:21:30 [main] INFO  ViewAssignmentsFormMpper - Field createdDate matches type in POJO.
2024-11-11 20:21:30 [main] INFO  ViewAssignmentsFormMpper - Field lastModifiedBy matches type in POJO.
2024-11-11 20:21:30 [main] INFO  ViewAssignmentsFormMpper - Field lastModifiedDate matches type in POJO.
2024-11-11 20:21:30 [main] INFO  ViewAssignmentsFormMpper - Field sapId matches type in POJO.
2024-11-11 20:21:30 [main] INFO  ViewAssignmentsFormMpper - Field questionFilePreviewPath matches type in POJO.
2024-11-11 20:21:30 [main] INFO  ViewAssignmentsFormMpper - Field attempts matches type in POJO.
2024-11-11 20:21:30 [main] INFO  ViewAssignmentsFormMpper - Field status matches type in POJO.
2024-11-11 20:21:30 [main] INFO  ViewAssignmentsFormMpper - Field attemptsLeft matches type in POJO.
2024-11-11 20:21:30 [main] INFO  ViewAssignmentsFormMpper - Field errorMessage matches type in POJO.
2024-11-11 20:21:30 [main] INFO  ViewAssignmentsFormMpper - Field errorRecord matches type in POJO.
2024-11-11 20:21:30 [main] INFO  ViewAssignmentsFormMpper - Field evaluated matches type in POJO.
2024-11-11 20:21:30 [main] INFO  ViewAssignmentsFormMpper - Field evaluationCount matches type in POJO.
2024-11-11 20:21:30 [main] INFO  ViewAssignmentsFormMpper - Field markedForRevaluation matches type in POJO.
2024-11-11 20:21:30 [main] INFO  ViewAssignmentsFormMpper - Field revaluated matches type in POJO.
2024-11-11 20:21:30 [main] INFO  ViewAssignmentsFormMpper - Field revaluationCount matches type in POJO.
2024-11-11 20:21:30 [main] INFO  ViewAssignmentsFormMpper - Field revisited matches type in POJO.
2024-11-11 20:21:30 [main] WARN  ViewAssignmentsFormMpper - Field faculties is not present in POJO
2024-11-11 20:21:30 [main] WARN  ViewAssignmentsFormMpper - Field numberOfAssignments is not present in POJO
2024-11-11 20:21:30 [main] WARN  ViewAssignmentsFormMpper - Field indexes is not present in POJO
2024-11-11 20:21:30 [main] WARN  ViewAssignmentsFormMpper - Field revalAssignments is not present in POJO
2024-11-11 20:21:30 [main] WARN  ViewAssignmentsFormMpper - Field unMarkCCList is not present in POJO
2024-11-11 20:21:30 [main] INFO  ViewAssignmentsFormMpper - Field faculty2EvaluationCount matches type in POJO.
2024-11-11 20:21:30 [main] INFO  ViewAssignmentsFormMpper - Field faculty3EvaluationCount matches type in POJO.
2024-11-11 20:21:30 [main] INFO  ViewAssignmentsFormMpper - Field minMatchPercent matches type in POJO.
2024-11-11 20:21:30 [main] INFO  ViewAssignmentsFormMpper - Field toBeEvaluated matches type in POJO.
2024-11-11 20:21:30 [main] INFO  ViewAssignmentsFormMpper - Field submissionAllowed matches type in POJO.
2024-11-11 20:21:30 [main] INFO  ViewAssignmentsFormMpper - Field submissionAllow matches type in POJO.
2024-11-11 20:21:30 [main] INFO  ViewAssignmentsFormMpper - Field threshold2 matches type in POJO.
2024-11-11 20:21:30 [main] INFO  ViewAssignmentsFormMpper - Field currentSemSubject matches type in POJO.
2024-11-11 20:21:30 [main] WARN  ViewAssignmentsFormMpper - Field successMessage is not present in POJO
2024-11-11 20:21:30 [main] INFO  ViewAssignmentsFormMpper - Field count matches type in POJO.
2024-11-11 20:21:30 [main] INFO  ViewAssignmentsFormMpper - Field year matches type in POJO.
2024-11-11 20:21:30 [main] INFO  ViewAssignmentsFormMpper - Field month matches type in POJO.
2024-11-11 20:21:30 [main] INFO  ViewAssignmentsFormMpper - Field subject matches type in POJO.
2024-11-11 20:21:30 [main] INFO  ViewAssignmentsFormMpper - Field sem matches type in POJO.
2024-11-11 20:21:30 [main] INFO  ViewAssignmentsFormMpper - Field startDate matches type in POJO.
2024-11-11 20:21:30 [main] INFO  ViewAssignmentsFormMpper - Field endDate matches type in POJO.
2024-11-11 20:21:30 [main] INFO  ViewAssignmentsFormMpper - Field createdBy matches type in POJO.
2024-11-11 20:21:30 [main] INFO  ViewAssignmentsFormMpper - Field createdDate matches type in POJO.
2024-11-11 20:21:30 [main] INFO  ViewAssignmentsFormMpper - Field lastModifiedBy matches type in POJO.
2024-11-11 20:21:30 [main] INFO  ViewAssignmentsFormMpper - Field lastModifiedDate matches type in POJO.
2024-11-11 20:21:30 [main] INFO  ViewAssignmentsFormMpper - Field sapId matches type in POJO.
2024-11-11 20:21:30 [main] INFO  ViewAssignmentsFormMpper - Field questionFilePreviewPath matches type in POJO.
2024-11-11 20:21:30 [main] INFO  ViewAssignmentsFormMpper - Field attempts matches type in POJO.
2024-11-11 20:21:30 [main] INFO  ViewAssignmentsFormMpper - Field status matches type in POJO.
2024-11-11 20:21:30 [main] INFO  ViewAssignmentsFormMpper - Field attemptsLeft matches type in POJO.
2024-11-11 20:21:30 [main] INFO  ViewAssignmentsFormMpper - Field errorMessage matches type in POJO.
2024-11-11 20:21:30 [main] INFO  ViewAssignmentsFormMpper - Field errorRecord matches type in POJO.
2024-11-11 20:21:30 [main] INFO  ViewAssignmentsFormMpper - Field evaluated matches type in POJO.
2024-11-11 20:21:30 [main] INFO  ViewAssignmentsFormMpper - Field evaluationCount matches type in POJO.
2024-11-11 20:21:30 [main] INFO  ViewAssignmentsFormMpper - Field markedForRevaluation matches type in POJO.
2024-11-11 20:21:30 [main] INFO  ViewAssignmentsFormMpper - Field revaluated matches type in POJO.
2024-11-11 20:21:30 [main] INFO  ViewAssignmentsFormMpper - Field revaluationCount matches type in POJO.
2024-11-11 20:21:30 [main] INFO  ViewAssignmentsFormMpper - Field revisited matches type in POJO.
2024-11-11 20:21:30 [main] WARN  ViewAssignmentsFormMpper - Field faculties is not present in POJO
2024-11-11 20:21:30 [main] WARN  ViewAssignmentsFormMpper - Field numberOfAssignments is not present in POJO
2024-11-11 20:21:30 [main] WARN  ViewAssignmentsFormMpper - Field indexes is not present in POJO
2024-11-11 20:21:30 [main] WARN  ViewAssignmentsFormMpper - Field revalAssignments is not present in POJO
2024-11-11 20:21:30 [main] WARN  ViewAssignmentsFormMpper - Field unMarkCCList is not present in POJO
2024-11-11 20:21:30 [main] INFO  ViewAssignmentsFormMpper - Field faculty2EvaluationCount matches type in POJO.
2024-11-11 20:21:30 [main] INFO  ViewAssignmentsFormMpper - Field faculty3EvaluationCount matches type in POJO.
2024-11-11 20:21:30 [main] INFO  ViewAssignmentsFormMpper - Field minMatchPercent matches type in POJO.
2024-11-11 20:21:30 [main] INFO  ViewAssignmentsFormMpper - Field toBeEvaluated matches type in POJO.
2024-11-11 20:21:30 [main] INFO  ViewAssignmentsFormMpper - Field submissionAllowed matches type in POJO.
2024-11-11 20:21:30 [main] INFO  ViewAssignmentsFormMpper - Field submissionAllow matches type in POJO.
2024-11-11 20:21:30 [main] INFO  ViewAssignmentsFormMpper - Field threshold2 matches type in POJO.
2024-11-11 20:21:30 [main] INFO  ViewAssignmentsFormMpper - Field currentSemSubject matches type in POJO.
2024-11-11 20:21:30 [main] WARN  ViewAssignmentsFormMpper - Field successMessage is not present in POJO
2024-11-11 20:21:30 [main] WARN  ViewAssignmentsFormMpper - Field failSubjectsCount is present in POJO but missing in the JSON response.
2024-11-11 20:21:30 [main] WARN  ViewAssignmentsFormMpper - Field currentSemEndDateTime is present in POJO but missing in the JSON response.
2024-11-11 20:21:30 [main] WARN  ViewAssignmentsFormMpper - Field failSubjectSubmissionCount is present in POJO but missing in the JSON response.
2024-11-11 20:21:30 [main] WARN  ViewAssignmentsFormMpper - Field failSubjectsEndDateTime is present in POJO but missing in the JSON response.
2024-11-11 20:21:30 [main] INFO  ViewAssignmentsFormMpper - Validation of currentSemAssignmentFilesList completed.
